2016/12/02 16:46:25 にビルドを開始しました。
     1>ノード 2 上のプロジェクト "C:\Users\ttt\Documents\Visual Studio 2012\Projects\Project5\Project5\Project5.vcxproj" (Build ターゲット)。
     1>ClCompile:
         C:\Program Files (x86)\Microsoft Visual Studio 11.0\VC\bin\CL.exe /c /I"C:\Users\ttt\Documents\Visual Studio 2012\Projects\Project2\Project2\lua-5.3.2\src" /I"C:\Program Files (x86)\Microsoft DirectX SDK (June 2010)\Include" /I"C:\Program Files\Microsoft SDKs\Windows\v7.1\Include" /ZI /nologo /W3 /WX- /Od /Oy- /D _UNICODE /D UNICODE /Gm /EHsc /RTC1 /MDd /GS /fp:precise /Zc:wchar_t /Zc:forScope /Fo"Debug\\" /Fd"Debug\vc110.pdb" /Gd /TP /wd4005 /analyze- /errorReport:prompt KTROBOEntryPoint.cpp KTRoboAtari.cpp KTRoboDebugText.cpp KTRoboDemoRender.cpp KTRoboFont.cpp KTRoboGame.cpp KTRoboGraphics.cpp KTRoboLuaCMesh.cpp KTRoboMesh.cpp KTRoboMeshInstanced.cpp KTRoboScene.cpp KTRoboTelopText.cpp KTRoboText.cpp KTRoboTextFromLua.cpp KTRoboTexture.cpp MyButukari3D.cpp MyGyouretuKeisan.cpp MyTextureLoader.cpp tolua_glue\tolua_glue.cpp tolua_glue\tolua_glued.cpp
         KTROBOEntryPoint.cpp
     1>c:\users\ttt\documents\visual studio 2012\projects\project5\project5\ktrobomeshinstanced.h(527): warning C4018: '>' : signed と unsigned の数値を比較しようとしました。
     1>c:\users\ttt\documents\visual studio 2012\projects\project5\project5\ktrobomeshinstanced.h(616): warning C4018: '<' : signed と unsigned の数値を比較しようとしました。
     1>c:\users\ttt\documents\visual studio 2012\projects\project5\project5\ktroboentrypoint.cpp(116): warning C4101: 'err' : ローカル変数は 1 度も使われていません。
         コードを生成中...
         コンパイル中...
         tolua_glued.cpp
     1>c:\users\ttt\documents\visual studio 2012\projects\project5\project5\ktrobomeshinstanced.h(527): warning C4018: '>' : signed と unsigned の数値を比較しようとしました。
     1>c:\users\ttt\documents\visual studio 2012\projects\project5\project5\ktrobomeshinstanced.h(616): warning C4018: '<' : signed と unsigned の数値を比較しようとしました。
     1>c:\users\ttt\documents\visual studio 2012\projects\project5\project5\tolua_glue\tolua_glued.cpp(10): warning C4244: '初期化中' : 'double' から 'float' への変換です。データが失われる可能性があります。
     1>c:\users\ttt\documents\visual studio 2012\projects\project5\project5\tolua_glue\tolua_glued.cpp(42): warning C4244: '初期化中' : 'double' から 'float' への変換です。データが失われる可能性があります。
     1>c:\users\ttt\documents\visual studio 2012\projects\project5\project5\tolua_glue\tolua_glued.cpp(49): warning C4244: '初期化中' : 'double' から 'float' への変換です。データが失われる可能性があります。
     1>c:\users\ttt\documents\visual studio 2012\projects\project5\project5\tolua_glue\tolua_glued.cpp(56): warning C4244: '初期化中' : 'double' から 'float' への変換です。データが失われる可能性があります。
     1>c:\users\ttt\documents\visual studio 2012\projects\project5\project5\tolua_glue\tolua_glued.cpp(63): warning C4244: '初期化中' : 'double' から 'float' への変換です。データが失われる可能性があります。
         tolua_glue.cpp
     1>c:\users\ttt\documents\visual studio 2012\projects\project5\project5\ktrobomeshinstanced.h(527): warning C4018: '>' : signed と unsigned の数値を比較しようとしました。
     1>c:\users\ttt\documents\visual studio 2012\projects\project5\project5\ktrobomeshinstanced.h(616): warning C4018: '<' : signed と unsigned の数値を比較しようとしました。
     1>c:\users\ttt\documents\visual studio 2012\projects\project5\project5\tolua_glue\tolua_glue.cpp(22): warning C4244: '初期化中' : 'lua_Number' から 'int' への変換です。データが失われる可能性があります。
     1>c:\users\ttt\documents\visual studio 2012\projects\project5\project5\tolua_glue\tolua_glue.cpp(25): warning C4244: '初期化中' : 'lua_Number' から 'int' への変換です。データが失われる可能性があります。
     1>c:\users\ttt\documents\visual studio 2012\projects\project5\project5\tolua_glue\tolua_glue.cpp(33): warning C4244: '=' : 'lua_Number' から 'int' への変換です。データが失われる可能性があります。
     1>c:\users\ttt\documents\visual studio 2012\projects\project5\project5\tolua_glue\tolua_glue.cpp(35): warning C4244: '=' : 'lua_Number' から 'int' への変換です。データが失われる可能性があります。
     1>c:\users\ttt\documents\visual studio 2012\projects\project5\project5\tolua_glue\tolua_glue.cpp(47): warning C4244: '初期化中' : 'lua_Number' から 'int' への変換です。データが失われる可能性があります。
     1>c:\users\ttt\documents\visual studio 2012\projects\project5\project5\tolua_glue\tolua_glue.cpp(50): warning C4244: '初期化中' : 'lua_Number' から 'int' への変換です。データが失われる可能性があります。
     1>c:\users\ttt\documents\visual studio 2012\projects\project5\project5\tolua_glue\tolua_glue.cpp(58): warning C4244: '=' : 'lua_Number' から 'int' への変換です。データが失われる可能性があります。
     1>c:\users\ttt\documents\visual studio 2012\projects\project5\project5\tolua_glue\tolua_glue.cpp(60): warning C4800: 'int' : ブール値を 'true' または 'false' に強制的に設定します (警告の処理)
     1>c:\users\ttt\documents\visual studio 2012\projects\project5\project5\tolua_glue\tolua_glue.cpp(64): warning C4244: '初期化中' : 'lua_Number' から 'int' への変換です。データが失われる可能性があります。
     1>c:\users\ttt\documents\visual studio 2012\projects\project5\project5\tolua_glue\tolua_glue.cpp(65): warning C4244: '初期化中' : 'lua_Number' から 'int' への変換です。データが失われる可能性があります。
     1>c:\users\ttt\documents\visual studio 2012\projects\project5\project5\tolua_glue\tolua_glue.cpp(68): warning C4244: '初期化中' : 'lua_Number' から 'int' への変換です。データが失われる可能性があります。
     1>c:\users\ttt\documents\visual studio 2012\projects\project5\project5\tolua_glue\tolua_glue.cpp(130): warning C4244: '=' : 'double' から 'float' への変換です。データが失われる可能性があります。
     1>c:\users\ttt\documents\visual studio 2012\projects\project5\project5\tolua_glue\tolua_glue.cpp(134): warning C4244: '初期化中' : 'lua_Number' から 'int' への変換です。データが失われる可能性があります。
     1>c:\users\ttt\documents\visual studio 2012\projects\project5\project5\tolua_glue\tolua_glue.cpp(135): warning C4244: '初期化中' : 'lua_Number' から 'int' への変換です。データが失われる可能性があります。
     1>c:\users\ttt\documents\visual studio 2012\projects\project5\project5\tolua_glue\tolua_glue.cpp(144): warning C4244: '初期化中' : 'lua_Number' から 'int' への変換です。データが失われる可能性があります。
     1>c:\users\ttt\documents\visual studio 2012\projects\project5\project5\tolua_glue\tolua_glue.cpp(145): warning C4244: '初期化中' : 'lua_Number' から 'int' への変換です。データが失われる可能性があります。
     1>c:\users\ttt\documents\visual studio 2012\projects\project5\project5\tolua_glue\tolua_glue.cpp(154): warning C4244: '初期化中' : 'lua_Number' から 'int' への変換です。データが失われる可能性があります。
     1>c:\users\ttt\documents\visual studio 2012\projects\project5\project5\tolua_glue\tolua_glue.cpp(155): warning C4244: '初期化中' : 'lua_Number' から 'int' への変換です。データが失われる可能性があります。
     1>c:\users\ttt\documents\visual studio 2012\projects\project5\project5\tolua_glue\tolua_glue.cpp(164): warning C4244: '初期化中' : 'lua_Number' から 'int' への変換です。データが失われる可能性があります。
     1>c:\users\ttt\documents\visual studio 2012\projects\project5\project5\tolua_glue\tolua_glue.cpp(165): warning C4244: '初期化中' : 'lua_Number' から 'int' への変換です。データが失われる可能性があります。
     1>c:\users\ttt\documents\visual studio 2012\projects\project5\project5\tolua_glue\tolua_glue.cpp(173): warning C4244: '=' : 'lua_Number' から 'int' への変換です。データが失われる可能性があります。
     1>c:\users\ttt\documents\visual studio 2012\projects\project5\project5\tolua_glue\tolua_glue.cpp(177): warning C4244: '初期化中' : 'lua_Number' から 'int' への変換です。データが失われる可能性があります。
     1>c:\users\ttt\documents\visual studio 2012\projects\project5\project5\tolua_glue\tolua_glue.cpp(178): warning C4244: '初期化中' : 'lua_Number' から 'int' への変換です。データが失われる可能性があります。
     1>c:\users\ttt\documents\visual studio 2012\projects\project5\project5\tolua_glue\tolua_glue.cpp(186): warning C4800: 'int' : ブール値を 'true' または 'false' に強制的に設定します (警告の処理)
     1>c:\users\ttt\documents\visual studio 2012\projects\project5\project5\tolua_glue\tolua_glue.cpp(187): warning C4244: '初期化中' : 'lua_Number' から 'int' への変換です。データが失われる可能性があります。
     1>c:\users\ttt\documents\visual studio 2012\projects\project5\project5\tolua_glue\tolua_glue.cpp(188): warning C4244: '初期化中' : 'lua_Number' から 'int' への変換です。データが失われる可能性があります。
     1>c:\users\ttt\documents\visual studio 2012\projects\project5\project5\tolua_glue\tolua_glue.cpp(193): warning C4244: '初期化中' : 'lua_Number' から 'int' への変換です。データが失われる可能性があります。
     1>c:\users\ttt\documents\visual studio 2012\projects\project5\project5\tolua_glue\tolua_glue.cpp(194): warning C4244: '初期化中' : 'lua_Number' から 'int' への変換です。データが失われる可能性があります。
     1>c:\users\ttt\documents\visual studio 2012\projects\project5\project5\tolua_glue\tolua_glue.cpp(201): warning C4244: '初期化中' : 'lua_Number' から 'int' への変換です。データが失われる可能性があります。
     1>c:\users\ttt\documents\visual studio 2012\projects\project5\project5\tolua_glue\tolua_glue.cpp(202): warning C4244: '初期化中' : 'lua_Number' から 'int' への変換です。データが失われる可能性があります。
     1>c:\users\ttt\documents\visual studio 2012\projects\project5\project5\tolua_glue\tolua_glue.cpp(209): warning C4244: '初期化中' : 'lua_Number' から 'int' への変換です。データが失われる可能性があります。
     1>c:\users\ttt\documents\visual studio 2012\projects\project5\project5\tolua_glue\tolua_glue.cpp(210): warning C4244: '初期化中' : 'lua_Number' から 'int' への変換です。データが失われる可能性があります。
     1>c:\users\ttt\documents\visual studio 2012\projects\project5\project5\tolua_glue\tolua_glue.cpp(213): warning C4244: '初期化中' : 'lua_Number' から 'int' への変換です。データが失われる可能性があります。
     1>c:\users\ttt\documents\visual studio 2012\projects\project5\project5\tolua_glue\tolua_glue.cpp(247): warning C4244: '初期化中' : 'lua_Number' から 'int' への変換です。データが失われる可能性があります。
     1>c:\users\ttt\documents\visual studio 2012\projects\project5\project5\tolua_glue\tolua_glue.cpp(248): warning C4244: '初期化中' : 'lua_Number' から 'int' への変換です。データが失われる可能性があります。
     1>c:\users\ttt\documents\visual studio 2012\projects\project5\project5\tolua_glue\tolua_glue.cpp(256): warning C4244: '=' : 'lua_Number' から 'int' への変換です。データが失われる可能性があります。
     1>c:\users\ttt\documents\visual studio 2012\projects\project5\project5\tolua_glue\tolua_glue.cpp(258): warning C4244: '=' : 'lua_Number' から 'int' への変換です。データが失われる可能性があります。
     1>c:\users\ttt\documents\visual studio 2012\projects\project5\project5\tolua_glue\tolua_glue.cpp(259): warning C4244: '初期化中' : 'lua_Number' から 'int' への変換です。データが失われる可能性があります。
     1>c:\users\ttt\documents\visual studio 2012\projects\project5\project5\tolua_glue\tolua_glue.cpp(260): warning C4244: '初期化中' : 'lua_Number' から 'int' への変換です。データが失われる可能性があります。
     1>c:\users\ttt\documents\visual studio 2012\projects\project5\project5\tolua_glue\tolua_glue.cpp(267): warning C4244: '初期化中' : 'lua_Number' から 'int' への変換です。データが失われる可能性があります。
     1>c:\users\ttt\documents\visual studio 2012\projects\project5\project5\tolua_glue\tolua_glue.cpp(268): warning C4244: '初期化中' : 'lua_Number' から 'int' への変換です。データが失われる可能性があります。
     1>c:\users\ttt\documents\visual studio 2012\projects\project5\project5\tolua_glue\tolua_glue.cpp(285): warning C4244: '初期化中' : 'lua_Number' から 'int' への変換です。データが失われる可能性があります。
     1>c:\users\ttt\documents\visual studio 2012\projects\project5\project5\tolua_glue\tolua_glue.cpp(286): warning C4244: '初期化中' : 'lua_Number' から 'int' への変換です。データが失われる可能性があります。
     1>c:\users\ttt\documents\visual studio 2012\projects\project5\project5\tolua_glue\tolua_glue.cpp(295): warning C4244: '初期化中' : 'lua_Number' から 'int' への変換です。データが失われる可能性があります。
     1>c:\users\ttt\documents\visual studio 2012\projects\project5\project5\tolua_glue\tolua_glue.cpp(296): warning C4244: '初期化中' : 'lua_Number' から 'int' への変換です。データが失われる可能性があります。
     1>c:\users\ttt\documents\visual studio 2012\projects\project5\project5\tolua_glue\tolua_glue.cpp(301): warning C4244: '初期化中' : 'lua_Number' から 'int' への変換です。データが失われる可能性があります。
     1>c:\users\ttt\documents\visual studio 2012\projects\project5\project5\tolua_glue\tolua_glue.cpp(302): warning C4244: '初期化中' : 'lua_Number' から 'int' への変換です。データが失われる可能性があります。
     1>c:\users\ttt\documents\visual studio 2012\projects\project5\project5\tolua_glue\tolua_glue.cpp(310): warning C4800: 'int' : ブール値を 'true' または 'false' に強制的に設定します (警告の処理)
     1>c:\users\ttt\documents\visual studio 2012\projects\project5\project5\tolua_glue\tolua_glue.cpp(314): warning C4244: '初期化中' : 'lua_Number' から 'int' への変換です。データが失われる可能性があります。
     1>c:\users\ttt\documents\visual studio 2012\projects\project5\project5\tolua_glue\tolua_glue.cpp(315): warning C4244: '初期化中' : 'lua_Number' から 'int' への変換です。データが失われる可能性があります。
     1>c:\users\ttt\documents\visual studio 2012\projects\project5\project5\tolua_glue\tolua_glue.cpp(323): warning C4800: 'int' : ブール値を 'true' または 'false' に強制的に設定します (警告の処理)
     1>c:\users\ttt\documents\visual studio 2012\projects\project5\project5\tolua_glue\tolua_glue.cpp(327): warning C4244: '初期化中' : 'lua_Number' から 'int' への変換です。データが失われる可能性があります。
     1>c:\users\ttt\documents\visual studio 2012\projects\project5\project5\tolua_glue\tolua_glue.cpp(328): warning C4244: '初期化中' : 'lua_Number' から 'int' への変換です。データが失われる可能性があります。
     1>c:\users\ttt\documents\visual studio 2012\projects\project5\project5\tolua_glue\tolua_glue.cpp(336): warning C4800: 'int' : ブール値を 'true' または 'false' に強制的に設定します (警告の処理)
     1>c:\users\ttt\documents\visual studio 2012\projects\project5\project5\tolua_glue\tolua_glue.cpp(340): warning C4244: '初期化中' : 'lua_Number' から 'int' への変換です。データが失われる可能性があります。
     1>c:\users\ttt\documents\visual studio 2012\projects\project5\project5\tolua_glue\tolua_glue.cpp(341): warning C4244: '初期化中' : 'lua_Number' から 'int' への変換です。データが失われる可能性があります。
     1>c:\users\ttt\documents\visual studio 2012\projects\project5\project5\tolua_glue\tolua_glue.cpp(349): warning C4800: 'int' : ブール値を 'true' または 'false' に強制的に設定します (警告の処理)
     1>c:\users\ttt\documents\visual studio 2012\projects\project5\project5\tolua_glue\tolua_glue.cpp(353): warning C4244: '初期化中' : 'lua_Number' から 'int' への変換です。データが失われる可能性があります。
     1>c:\users\ttt\documents\visual studio 2012\projects\project5\project5\tolua_glue\tolua_glue.cpp(354): warning C4244: '初期化中' : 'lua_Number' から 'int' への変換です。データが失われる可能性があります。
     1>c:\users\ttt\documents\visual studio 2012\projects\project5\project5\tolua_glue\tolua_glue.cpp(362): warning C4800: 'int' : ブール値を 'true' または 'false' に強制的に設定します (警告の処理)
     1>c:\users\ttt\documents\visual studio 2012\projects\project5\project5\tolua_glue\tolua_glue.cpp(366): warning C4244: '初期化中' : 'lua_Number' から 'int' への変換です。データが失われる可能性があります。
     1>c:\users\ttt\documents\visual studio 2012\projects\project5\project5\tolua_glue\tolua_glue.cpp(367): warning C4244: '初期化中' : 'lua_Number' から 'int' への変換です。データが失われる可能性があります。
     1>c:\users\ttt\documents\visual studio 2012\projects\project5\project5\tolua_glue\tolua_glue.cpp(372): warning C4244: '初期化中' : 'lua_Number' から 'int' への変換です。データが失われる可能性があります。
     1>c:\users\ttt\documents\visual studio 2012\projects\project5\project5\tolua_glue\tolua_glue.cpp(373): warning C4244: '初期化中' : 'lua_Number' から 'int' への変換です。データが失われる可能性があります。
     1>c:\users\ttt\documents\visual studio 2012\projects\project5\project5\tolua_glue\tolua_glue.cpp(376): warning C4244: '初期化中' : 'lua_Number' から 'int' への変換です。データが失われる可能性があります。
     1>c:\users\ttt\documents\visual studio 2012\projects\project5\project5\tolua_glue\tolua_glue.cpp(410): warning C4244: '初期化中' : 'lua_Number' から 'int' への変換です。データが失われる可能性があります。
     1>c:\users\ttt\documents\visual studio 2012\projects\project5\project5\tolua_glue\tolua_glue.cpp(411): warning C4244: '初期化中' : 'lua_Number' から 'int' への変換です。データが失われる可能性があります。
     1>c:\users\ttt\documents\visual studio 2012\projects\project5\project5\tolua_glue\tolua_glue.cpp(426): warning C4244: '初期化中' : 'lua_Number' から 'int' への変換です。データが失われる可能性があります。
     1>c:\users\ttt\documents\visual studio 2012\projects\project5\project5\tolua_glue\tolua_glue.cpp(427): warning C4244: '初期化中' : 'lua_Number' から 'int' への変換です。データが失われる可能性があります。
     1>c:\users\ttt\documents\visual studio 2012\projects\project5\project5\tolua_glue\tolua_glue.cpp(434): warning C4244: '初期化中' : 'lua_Number' から 'int' への変換です。データが失われる可能性があります。
     1>c:\users\ttt\documents\visual studio 2012\projects\project5\project5\tolua_glue\tolua_glue.cpp(435): warning C4244: '初期化中' : 'lua_Number' から 'int' への変換です。データが失われる可能性があります。
     1>c:\users\ttt\documents\visual studio 2012\projects\project5\project5\tolua_glue\tolua_glue.cpp(444): warning C4800: 'int' : ブール値を 'true' または 'false' に強制的に設定します (警告の処理)
     1>c:\users\ttt\documents\visual studio 2012\projects\project5\project5\tolua_glue\tolua_glue.cpp(445): warning C4244: '初期化中' : 'lua_Number' から 'int' への変換です。データが失われる可能性があります。
     1>c:\users\ttt\documents\visual studio 2012\projects\project5\project5\tolua_glue\tolua_glue.cpp(446): warning C4244: '初期化中' : 'lua_Number' から 'int' への変換です。データが失われる可能性があります。
     1>c:\users\ttt\documents\visual studio 2012\projects\project5\project5\tolua_glue\tolua_glue.cpp(455): warning C4244: '初期化中' : 'lua_Number' から 'int' への変換です。データが失われる可能性があります。
     1>c:\users\ttt\documents\visual studio 2012\projects\project5\project5\tolua_glue\tolua_glue.cpp(456): warning C4244: '初期化中' : 'lua_Number' から 'int' への変換です。データが失われる可能性があります。
     1>c:\users\ttt\documents\visual studio 2012\projects\project5\project5\tolua_glue\tolua_glue.cpp(461): warning C4244: '初期化中' : 'lua_Number' から 'int' への変換です。データが失われる可能性があります。
     1>c:\users\ttt\documents\visual studio 2012\projects\project5\project5\tolua_glue\tolua_glue.cpp(462): warning C4244: '初期化中' : 'lua_Number' から 'int' への変換です。データが失われる可能性があります。
     1>c:\users\ttt\documents\visual studio 2012\projects\project5\project5\tolua_glue\tolua_glue.cpp(479): warning C4244: '初期化中' : 'lua_Number' から 'int' への変換です。データが失われる可能性があります。
     1>c:\users\ttt\documents\visual studio 2012\projects\project5\project5\tolua_glue\tolua_glue.cpp(482): warning C4244: '初期化中' : 'lua_Number' から 'int' への変換です。データが失われる可能性があります。
     1>c:\users\ttt\documents\visual studio 2012\projects\project5\project5\tolua_glue\tolua_glue.cpp(489): warning C4244: '初期化中' : 'lua_Number' から 'int' への変換です。データが失われる可能性があります。
     1>c:\users\ttt\documents\visual studio 2012\projects\project5\project5\tolua_glue\tolua_glue.cpp(490): warning C4244: '初期化中' : 'lua_Number' から 'int' への変換です。データが失われる可能性があります。
     1>c:\users\ttt\documents\visual studio 2012\projects\project5\project5\tolua_glue\tolua_glue.cpp(495): warning C4244: '初期化中' : 'lua_Number' から 'int' への変換です。データが失われる可能性があります。
     1>c:\users\ttt\documents\visual studio 2012\projects\project5\project5\tolua_glue\tolua_glue.cpp(496): warning C4244: '初期化中' : 'lua_Number' から 'int' への変換です。データが失われる可能性があります。
     1>c:\users\ttt\documents\visual studio 2012\projects\project5\project5\tolua_glue\tolua_glue.cpp(499): warning C4244: '初期化中' : 'lua_Number' から 'int' への変換です。データが失われる可能性があります。
     1>c:\users\ttt\documents\visual studio 2012\projects\project5\project5\tolua_glue\tolua_glue.cpp(535): warning C4244: '=' : 'lua_Number' から 'int' への変換です。データが失われる可能性があります。
     1>c:\users\ttt\documents\visual studio 2012\projects\project5\project5\tolua_glue\tolua_glue.cpp(536): warning C4244: '初期化中' : 'lua_Number' から 'int' への変換です。データが失われる可能性があります。
     1>c:\users\ttt\documents\visual studio 2012\projects\project5\project5\tolua_glue\tolua_glue.cpp(537): warning C4244: '初期化中' : 'lua_Number' から 'int' への変換です。データが失われる可能性があります。
     1>c:\users\ttt\documents\visual studio 2012\projects\project5\project5\tolua_glue\tolua_glue.cpp(555): warning C4244: '=' : 'lua_Number' から 'int' への変換です。データが失われる可能性があります。
     1>c:\users\ttt\documents\visual studio 2012\projects\project5\project5\tolua_glue\tolua_glue.cpp(559): warning C4244: '=' : 'lua_Number' から 'int' への変換です。データが失われる可能性があります。
     1>c:\users\ttt\documents\visual studio 2012\projects\project5\project5\tolua_glue\tolua_glue.cpp(561): warning C4244: '=' : 'lua_Number' から 'int' への変換です。データが失われる可能性があります。
     1>c:\users\ttt\documents\visual studio 2012\projects\project5\project5\tolua_glue\tolua_glue.cpp(563): warning C4244: '=' : 'lua_Number' から 'int' への変換です。データが失われる可能性があります。
     1>c:\users\ttt\documents\visual studio 2012\projects\project5\project5\tolua_glue\tolua_glue.cpp(565): warning C4244: '=' : 'lua_Number' から 'int' への変換です。データが失われる可能性があります。
     1>c:\users\ttt\documents\visual studio 2012\projects\project5\project5\tolua_glue\tolua_glue.cpp(567): warning C4244: '=' : 'lua_Number' から 'int' への変換です。データが失われる可能性があります。
     1>c:\users\ttt\documents\visual studio 2012\projects\project5\project5\tolua_glue\tolua_glue.cpp(569): warning C4244: '=' : 'lua_Number' から 'int' への変換です。データが失われる可能性があります。
     1>c:\users\ttt\documents\visual studio 2012\projects\project5\project5\tolua_glue\tolua_glue.cpp(571): warning C4244: '=' : 'lua_Number' から 'int' への変換です。データが失われる可能性があります。
     1>c:\users\ttt\documents\visual studio 2012\projects\project5\project5\tolua_glue\tolua_glue.cpp(573): warning C4244: '=' : 'lua_Number' から 'int' への変換です。データが失われる可能性があります。
     1>c:\users\ttt\documents\visual studio 2012\projects\project5\project5\tolua_glue\tolua_glue.cpp(574): warning C4244: '初期化中' : 'lua_Number' から 'int' への変換です。データが失われる可能性があります。
     1>c:\users\ttt\documents\visual studio 2012\projects\project5\project5\tolua_glue\tolua_glue.cpp(575): warning C4244: '初期化中' : 'lua_Number' から 'int' への変換です。データが失われる可能性があります。
     1>c:\users\ttt\documents\visual studio 2012\projects\project5\project5\tolua_glue\tolua_glue.cpp(592): warning C4244: '=' : 'lua_Number' から 'int' への変換です。データが失われる可能性があります。
     1>c:\users\ttt\documents\visual studio 2012\projects\project5\project5\tolua_glue\tolua_glue.cpp(600): warning C4244: '=' : 'double' から 'float' への変換です。データが失われる可能性があります。
     1>c:\users\ttt\documents\visual studio 2012\projects\project5\project5\tolua_glue\tolua_glue.cpp(603): warning C4244: '=' : 'double' から 'float' への変換です。データが失われる可能性があります。
     1>c:\users\ttt\documents\visual studio 2012\projects\project5\project5\tolua_glue\tolua_glue.cpp(605): warning C4244: '=' : 'lua_Number' から 'int' への変換です。データが失われる可能性があります。
     1>c:\users\ttt\documents\visual studio 2012\projects\project5\project5\tolua_glue\tolua_glue.cpp(607): warning C4244: '=' : 'lua_Number' から 'int' への変換です。データが失われる可能性があります。
     1>c:\users\ttt\documents\visual studio 2012\projects\project5\project5\tolua_glue\tolua_glue.cpp(609): warning C4244: '=' : 'lua_Number' から 'int' への変換です。データが失われる可能性があります。
     1>c:\users\ttt\documents\visual studio 2012\projects\project5\project5\tolua_glue\tolua_glue.cpp(611): warning C4244: '=' : 'lua_Number' から 'int' への変換です。データが失われる可能性があります。
     1>c:\users\ttt\documents\visual studio 2012\projects\project5\project5\tolua_glue\tolua_glue.cpp(612): warning C4244: '初期化中' : 'lua_Number' から 'int' への変換です。データが失われる可能性があります。
     1>c:\users\ttt\documents\visual studio 2012\projects\project5\project5\tolua_glue\tolua_glue.cpp(613): warning C4244: '初期化中' : 'lua_Number' から 'int' への変換です。データが失われる可能性があります。
     1>c:\users\ttt\documents\visual studio 2012\projects\project5\project5\tolua_glue\tolua_glue.cpp(631): warning C4244: '=' : 'lua_Number' から 'int' への変換です。データが失われる可能性があります。
     1>c:\users\ttt\documents\visual studio 2012\projects\project5\project5\tolua_glue\tolua_glue.cpp(635): warning C4244: '=' : 'lua_Number' から 'int' への変換です。データが失われる可能性があります。
     1>c:\users\ttt\documents\visual studio 2012\projects\project5\project5\tolua_glue\tolua_glue.cpp(637): warning C4244: '=' : 'lua_Number' から 'int' への変換です。データが失われる可能性があります。
     1>c:\users\ttt\documents\visual studio 2012\projects\project5\project5\tolua_glue\tolua_glue.cpp(639): warning C4244: '=' : 'lua_Number' から 'int' への変換です。データが失われる可能性があります。
     1>c:\users\ttt\documents\visual studio 2012\projects\project5\project5\tolua_glue\tolua_glue.cpp(641): warning C4244: '=' : 'lua_Number' から 'int' への変換です。データが失われる可能性があります。
     1>c:\users\ttt\documents\visual studio 2012\projects\project5\project5\tolua_glue\tolua_glue.cpp(643): warning C4244: '=' : 'lua_Number' から 'int' への変換です。データが失われる可能性があります。
     1>c:\users\ttt\documents\visual studio 2012\projects\project5\project5\tolua_glue\tolua_glue.cpp(645): warning C4244: '=' : 'lua_Number' から 'int' への変換です。データが失われる可能性があります。
     1>c:\users\ttt\documents\visual studio 2012\projects\project5\project5\tolua_glue\tolua_glue.cpp(647): warning C4244: '=' : 'lua_Number' から 'int' への変換です。データが失われる可能性があります。
     1>c:\users\ttt\documents\visual studio 2012\projects\project5\project5\tolua_glue\tolua_glue.cpp(649): warning C4244: '=' : 'lua_Number' から 'int' への変換です。データが失われる可能性があります。
     1>c:\users\ttt\documents\visual studio 2012\projects\project5\project5\tolua_glue\tolua_glue.cpp(650): warning C4244: '初期化中' : 'lua_Number' から 'int' への変換です。データが失われる可能性があります。
     1>c:\users\ttt\documents\visual studio 2012\projects\project5\project5\tolua_glue\tolua_glue.cpp(651): warning C4244: '初期化中' : 'lua_Number' から 'int' への変換です。データが失われる可能性があります。
     1>c:\users\ttt\documents\visual studio 2012\projects\project5\project5\tolua_glue\tolua_glue.cpp(666): warning C4244: '=' : 'lua_Number' から 'int' への変換です。データが失われる可能性があります。
     1>c:\users\ttt\documents\visual studio 2012\projects\project5\project5\tolua_glue\tolua_glue.cpp(674): warning C4244: '=' : 'double' から 'float' への変換です。データが失われる可能性があります。
     1>c:\users\ttt\documents\visual studio 2012\projects\project5\project5\tolua_glue\tolua_glue.cpp(677): warning C4244: '=' : 'double' から 'float' への変換です。データが失われる可能性があります。
     1>c:\users\ttt\documents\visual studio 2012\projects\project5\project5\tolua_glue\tolua_glue.cpp(679): warning C4244: '=' : 'lua_Number' から 'int' への変換です。データが失われる可能性があります。
     1>c:\users\ttt\documents\visual studio 2012\projects\project5\project5\tolua_glue\tolua_glue.cpp(681): warning C4244: '=' : 'lua_Number' から 'int' への変換です。データが失われる可能性があります。
     1>c:\users\ttt\documents\visual studio 2012\projects\project5\project5\tolua_glue\tolua_glue.cpp(683): warning C4244: '=' : 'lua_Number' から 'int' への変換です。データが失われる可能性があります。
     1>c:\users\ttt\documents\visual studio 2012\projects\project5\project5\tolua_glue\tolua_glue.cpp(685): warning C4244: '=' : 'lua_Number' から 'int' への変換です。データが失われる可能性があります。
     1>c:\users\ttt\documents\visual studio 2012\projects\project5\project5\tolua_glue\tolua_glue.cpp(686): warning C4244: '初期化中' : 'lua_Number' から 'int' への変換です。データが失われる可能性があります。
     1>c:\users\ttt\documents\visual studio 2012\projects\project5\project5\tolua_glue\tolua_glue.cpp(687): warning C4244: '初期化中' : 'lua_Number' から 'int' への変換です。データが失われる可能性があります。
     1>c:\users\ttt\documents\visual studio 2012\projects\project5\project5\tolua_glue\tolua_glue.cpp(695): warning C4244: '=' : 'lua_Number' から 'int' への変換です。データが失われる可能性があります。
     1>c:\users\ttt\documents\visual studio 2012\projects\project5\project5\tolua_glue\tolua_glue.cpp(698): warning C4244: '初期化中' : 'lua_Number' から 'int' への変換です。データが失われる可能性があります。
     1>c:\users\ttt\documents\visual studio 2012\projects\project5\project5\tolua_glue\tolua_glue.cpp(699): warning C4244: '初期化中' : 'lua_Number' から 'int' への変換です。データが失われる可能性があります。
     1>c:\users\ttt\documents\visual studio 2012\projects\project5\project5\tolua_glue\tolua_glue.cpp(707): warning C4244: '=' : 'lua_Number' から 'int' への変換です。データが失われる可能性があります。
     1>c:\users\ttt\documents\visual studio 2012\projects\project5\project5\tolua_glue\tolua_glue.cpp(710): warning C4244: '初期化中' : 'lua_Number' から 'int' への変換です。データが失われる可能性があります。
     1>c:\users\ttt\documents\visual studio 2012\projects\project5\project5\tolua_glue\tolua_glue.cpp(711): warning C4244: '初期化中' : 'lua_Number' から 'int' への変換です。データが失われる可能性があります。
     1>c:\users\ttt\documents\visual studio 2012\projects\project5\project5\tolua_glue\tolua_glue.cpp(720): warning C4244: '=' : 'lua_Number' から 'int' への変換です。データが失われる可能性があります。
     1>c:\users\ttt\documents\visual studio 2012\projects\project5\project5\tolua_glue\tolua_glue.cpp(722): warning C4244: '=' : 'lua_Number' から 'int' への変換です。データが失われる可能性があります。
     1>c:\users\ttt\documents\visual studio 2012\projects\project5\project5\tolua_glue\tolua_glue.cpp(724): warning C4244: '=' : 'lua_Number' から 'int' への変換です。データが失われる可能性があります。
     1>c:\users\ttt\documents\visual studio 2012\projects\project5\project5\tolua_glue\tolua_glue.cpp(725): warning C4244: '初期化中' : 'lua_Number' から 'int' への変換です。データが失われる可能性があります。
     1>c:\users\ttt\documents\visual studio 2012\projects\project5\project5\tolua_glue\tolua_glue.cpp(726): warning C4244: '初期化中' : 'lua_Number' から 'int' への変換です。データが失われる可能性があります。
     1>c:\users\ttt\documents\visual studio 2012\projects\project5\project5\tolua_glue\tolua_glue.cpp(734): warning C4244: '=' : 'lua_Number' から 'int' への変換です。データが失われる可能性があります。
     1>c:\users\ttt\documents\visual studio 2012\projects\project5\project5\tolua_glue\tolua_glue.cpp(738): warning C4244: '初期化中' : 'lua_Number' から 'int' への変換です。データが失われる可能性があります。
     1>c:\users\ttt\documents\visual studio 2012\projects\project5\project5\tolua_glue\tolua_glue.cpp(739): warning C4244: '初期化中' : 'lua_Number' から 'int' への変換です。データが失われる可能性があります。
     1>c:\users\ttt\documents\visual studio 2012\projects\project5\project5\tolua_glue\tolua_glue.cpp(748): warning C4244: '=' : 'lua_Number' から 'int' への変換です。データが失われる可能性があります。
     1>c:\users\ttt\documents\visual studio 2012\projects\project5\project5\tolua_glue\tolua_glue.cpp(750): warning C4244: '=' : 'lua_Number' から 'int' への変換です。データが失われる可能性があります。
     1>c:\users\ttt\documents\visual studio 2012\projects\project5\project5\tolua_glue\tolua_glue.cpp(752): warning C4244: '=' : 'lua_Number' から 'int' への変換です。データが失われる可能性があります。
     1>c:\users\ttt\documents\visual studio 2012\projects\project5\project5\tolua_glue\tolua_glue.cpp(753): warning C4244: '初期化中' : 'lua_Number' から 'int' への変換です。データが失われる可能性があります。
     1>c:\users\ttt\documents\visual studio 2012\projects\project5\project5\tolua_glue\tolua_glue.cpp(754): warning C4244: '初期化中' : 'lua_Number' から 'int' への変換です。データが失われる可能性があります。
     1>c:\users\ttt\documents\visual studio 2012\projects\project5\project5\tolua_glue\tolua_glue.cpp(763): warning C4244: '=' : 'lua_Number' から 'int' への変換です。データが失われる可能性があります。
     1>c:\users\ttt\documents\visual studio 2012\projects\project5\project5\tolua_glue\tolua_glue.cpp(766): warning C4244: '=' : 'double' から 'float' への変換です。データが失われる可能性があります。
     1>c:\users\ttt\documents\visual studio 2012\projects\project5\project5\tolua_glue\tolua_glue.cpp(769): warning C4244: '=' : 'double' から 'float' への変換です。データが失われる可能性があります。
     1>c:\users\ttt\documents\visual studio 2012\projects\project5\project5\tolua_glue\tolua_glue.cpp(770): warning C4244: '初期化中' : 'lua_Number' から 'int' への変換です。データが失われる可能性があります。
     1>c:\users\ttt\documents\visual studio 2012\projects\project5\project5\tolua_glue\tolua_glue.cpp(771): warning C4244: '初期化中' : 'lua_Number' から 'int' への変換です。データが失われる可能性があります。
     1>c:\users\ttt\documents\visual studio 2012\projects\project5\project5\tolua_glue\tolua_glue.cpp(782): warning C4244: '=' : 'lua_Number' から 'int' への変換です。データが失われる可能性があります。
     1>c:\users\ttt\documents\visual studio 2012\projects\project5\project5\tolua_glue\tolua_glue.cpp(784): warning C4244: '=' : 'lua_Number' から 'int' への変換です。データが失われる可能性があります。
     1>c:\users\ttt\documents\visual studio 2012\projects\project5\project5\tolua_glue\tolua_glue.cpp(786): warning C4244: '=' : 'lua_Number' から 'int' への変換です。データが失われる可能性があります。
     1>c:\users\ttt\documents\visual studio 2012\projects\project5\project5\tolua_glue\tolua_glue.cpp(788): warning C4244: '=' : 'lua_Number' から 'int' への変換です。データが失われる可能性があります。
     1>c:\users\ttt\documents\visual studio 2012\projects\project5\project5\tolua_glue\tolua_glue.cpp(790): warning C4244: '=' : 'lua_Number' から 'int' への変換です。データが失われる可能性があります。
     1>c:\users\ttt\documents\visual studio 2012\projects\project5\project5\tolua_glue\tolua_glue.cpp(791): warning C4244: '初期化中' : 'lua_Number' から 'int' への変換です。データが失われる可能性があります。
     1>c:\users\ttt\documents\visual studio 2012\projects\project5\project5\tolua_glue\tolua_glue.cpp(792): warning C4244: '初期化中' : 'lua_Number' から 'int' への変換です。データが失われる可能性があります。
     1>c:\users\ttt\documents\visual studio 2012\projects\project5\project5\tolua_glue\tolua_glue.cpp(803): warning C4244: '=' : 'lua_Number' から 'int' への変換です。データが失われる可能性があります。
     1>c:\users\ttt\documents\visual studio 2012\projects\project5\project5\tolua_glue\tolua_glue.cpp(805): warning C4244: '=' : 'lua_Number' から 'int' への変換です。データが失われる可能性があります。
     1>c:\users\ttt\documents\visual studio 2012\projects\project5\project5\tolua_glue\tolua_glue.cpp(807): warning C4244: '=' : 'lua_Number' から 'int' への変換です。データが失われる可能性があります。
     1>c:\users\ttt\documents\visual studio 2012\projects\project5\project5\tolua_glue\tolua_glue.cpp(809): warning C4244: '=' : 'lua_Number' から 'int' への変換です。データが失われる可能性があります。
     1>c:\users\ttt\documents\visual studio 2012\projects\project5\project5\tolua_glue\tolua_glue.cpp(811): warning C4244: '=' : 'lua_Number' から 'int' への変換です。データが失われる可能性があります。
     1>c:\users\ttt\documents\visual studio 2012\projects\project5\project5\tolua_glue\tolua_glue.cpp(812): warning C4244: '初期化中' : 'lua_Number' から 'int' への変換です。データが失われる可能性があります。
     1>c:\users\ttt\documents\visual studio 2012\projects\project5\project5\tolua_glue\tolua_glue.cpp(813): warning C4244: '初期化中' : 'lua_Number' から 'int' への変換です。データが失われる可能性があります。
     1>c:\users\ttt\documents\visual studio 2012\projects\project5\project5\tolua_glue\tolua_glue.cpp(821): warning C4244: '=' : 'lua_Number' から 'int' への変換です。データが失われる可能性があります。
     1>c:\users\ttt\documents\visual studio 2012\projects\project5\project5\tolua_glue\tolua_glue.cpp(823): warning C4800: 'int' : ブール値を 'true' または 'false' に強制的に設定します (警告の処理)
     1>c:\users\ttt\documents\visual studio 2012\projects\project5\project5\tolua_glue\tolua_glue.cpp(824): warning C4244: '初期化中' : 'lua_Number' から 'int' への変換です。データが失われる可能性があります。
     1>c:\users\ttt\documents\visual studio 2012\projects\project5\project5\tolua_glue\tolua_glue.cpp(825): warning C4244: '初期化中' : 'lua_Number' から 'int' への変換です。データが失われる可能性があります。
     1>c:\users\ttt\documents\visual studio 2012\projects\project5\project5\tolua_glue\tolua_glue.cpp(833): warning C4244: '=' : 'lua_Number' から 'int' への変換です。データが失われる可能性があります。
     1>c:\users\ttt\documents\visual studio 2012\projects\project5\project5\tolua_glue\tolua_glue.cpp(835): warning C4800: 'int' : ブール値を 'true' または 'false' に強制的に設定します (警告の処理)
     1>c:\users\ttt\documents\visual studio 2012\projects\project5\project5\tolua_glue\tolua_glue.cpp(836): warning C4244: '初期化中' : 'lua_Number' から 'int' への変換です。データが失われる可能性があります。
     1>c:\users\ttt\documents\visual studio 2012\projects\project5\project5\tolua_glue\tolua_glue.cpp(837): warning C4244: '初期化中' : 'lua_Number' から 'int' への変換です。データが失われる可能性があります。
     1>c:\users\ttt\documents\visual studio 2012\projects\project5\project5\tolua_glue\tolua_glue.cpp(846): warning C4244: '=' : 'lua_Number' から 'int' への変換です。データが失われる可能性があります。
     1>c:\users\ttt\documents\visual studio 2012\projects\project5\project5\tolua_glue\tolua_glue.cpp(848): warning C4244: '=' : 'lua_Number' から 'int' への変換です。データが失われる可能性があります。
     1>c:\users\ttt\documents\visual studio 2012\projects\project5\project5\tolua_glue\tolua_glue.cpp(850): warning C4244: '=' : 'lua_Number' から 'int' への変換です。データが失われる可能性があります。
     1>c:\users\ttt\documents\visual studio 2012\projects\project5\project5\tolua_glue\tolua_glue.cpp(851): warning C4244: '初期化中' : 'lua_Number' から 'int' への変換です。データが失われる可能性があります。
     1>c:\users\ttt\documents\visual studio 2012\projects\project5\project5\tolua_glue\tolua_glue.cpp(852): warning C4244: '初期化中' : 'lua_Number' から 'int' への変換です。データが失われる可能性があります。
     1>c:\users\ttt\documents\visual studio 2012\projects\project5\project5\tolua_glue\tolua_glue.cpp(861): warning C4244: '=' : 'lua_Number' から 'int' への変換です。データが失われる可能性があります。
     1>c:\users\ttt\documents\visual studio 2012\projects\project5\project5\tolua_glue\tolua_glue.cpp(863): warning C4244: '=' : 'lua_Number' から 'int' への変換です。データが失われる可能性があります。
     1>c:\users\ttt\documents\visual studio 2012\projects\project5\project5\tolua_glue\tolua_glue.cpp(865): warning C4244: '=' : 'lua_Number' から 'int' への変換です。データが失われる可能性があります。
     1>c:\users\ttt\documents\visual studio 2012\projects\project5\project5\tolua_glue\tolua_glue.cpp(866): warning C4244: '初期化中' : 'lua_Number' から 'int' への変換です。データが失われる可能性があります。
     1>c:\users\ttt\documents\visual studio 2012\projects\project5\project5\tolua_glue\tolua_glue.cpp(867): warning C4244: '初期化中' : 'lua_Number' から 'int' への変換です。データが失われる可能性があります。
     1>c:\users\ttt\documents\visual studio 2012\projects\project5\project5\tolua_glue\tolua_glue.cpp(874): warning C4244: '=' : 'lua_Number' から 'int' への変換です。データが失われる可能性があります。
     1>c:\users\ttt\documents\visual studio 2012\projects\project5\project5\tolua_glue\tolua_glue.cpp(875): warning C4244: '初期化中' : 'lua_Number' から 'int' への変換です。データが失われる可能性があります。
     1>c:\users\ttt\documents\visual studio 2012\projects\project5\project5\tolua_glue\tolua_glue.cpp(876): warning C4244: '初期化中' : 'lua_Number' から 'int' への変換です。データが失われる可能性があります。
     1>c:\users\ttt\documents\visual studio 2012\projects\project5\project5\tolua_glue\tolua_glue.cpp(883): warning C4244: '=' : 'lua_Number' から 'int' への変換です。データが失われる可能性があります。
     1>c:\users\ttt\documents\visual studio 2012\projects\project5\project5\tolua_glue\tolua_glue.cpp(884): warning C4244: '初期化中' : 'lua_Number' から 'int' への変換です。データが失われる可能性があります。
     1>c:\users\ttt\documents\visual studio 2012\projects\project5\project5\tolua_glue\tolua_glue.cpp(885): warning C4244: '初期化中' : 'lua_Number' から 'int' への変換です。データが失われる可能性があります。
     1>c:\users\ttt\documents\visual studio 2012\projects\project5\project5\tolua_glue\tolua_glue.cpp(892): warning C4244: '=' : 'lua_Number' から 'int' への変換です。データが失われる可能性があります。
     1>c:\users\ttt\documents\visual studio 2012\projects\project5\project5\tolua_glue\tolua_glue.cpp(893): warning C4244: '初期化中' : 'lua_Number' から 'int' への変換です。データが失われる可能性があります。
     1>c:\users\ttt\documents\visual studio 2012\projects\project5\project5\tolua_glue\tolua_glue.cpp(894): warning C4244: '初期化中' : 'lua_Number' から 'int' への変換です。データが失われる可能性があります。
     1>c:\users\ttt\documents\visual studio 2012\projects\project5\project5\tolua_glue\tolua_glue.cpp(901): warning C4244: '=' : 'lua_Number' から 'int' への変換です。データが失われる可能性があります。
     1>c:\users\ttt\documents\visual studio 2012\projects\project5\project5\tolua_glue\tolua_glue.cpp(902): warning C4244: '初期化中' : 'lua_Number' から 'int' への変換です。データが失われる可能性があります。
     1>c:\users\ttt\documents\visual studio 2012\projects\project5\project5\tolua_glue\tolua_glue.cpp(903): warning C4244: '初期化中' : 'lua_Number' から 'int' への変換です。データが失われる可能性があります。
     1>c:\users\ttt\documents\visual studio 2012\projects\project5\project5\tolua_glue\tolua_glue.cpp(908): warning C4244: '初期化中' : 'lua_Number' から 'int' への変換です。データが失われる可能性があります。
     1>c:\users\ttt\documents\visual studio 2012\projects\project5\project5\tolua_glue\tolua_glue.cpp(909): warning C4244: '初期化中' : 'lua_Number' から 'int' への変換です。データが失われる可能性があります。
     1>c:\users\ttt\documents\visual studio 2012\projects\project5\project5\tolua_glue\tolua_glue.cpp(924): warning C4244: '=' : 'lua_Number' から 'int' への変換です。データが失われる可能性があります。
     1>c:\users\ttt\documents\visual studio 2012\projects\project5\project5\tolua_glue\tolua_glue.cpp(926): warning C4244: '=' : 'lua_Number' から 'int' への変換です。データが失われる可能性があります。
     1>c:\users\ttt\documents\visual studio 2012\projects\project5\project5\tolua_glue\tolua_glue.cpp(928): warning C4244: '=' : 'lua_Number' から 'int' への変換です。データが失われる可能性があります。
     1>c:\users\ttt\documents\visual studio 2012\projects\project5\project5\tolua_glue\tolua_glue.cpp(930): warning C4244: '=' : 'lua_Number' から 'int' への変換です。データが失われる可能性があります。
     1>c:\users\ttt\documents\visual studio 2012\projects\project5\project5\tolua_glue\tolua_glue.cpp(932): warning C4244: '=' : 'lua_Number' から 'int' への変換です。データが失われる可能性があります。
     1>c:\users\ttt\documents\visual studio 2012\projects\project5\project5\tolua_glue\tolua_glue.cpp(933): warning C4244: '初期化中' : 'lua_Number' から 'int' への変換です。データが失われる可能性があります。
     1>c:\users\ttt\documents\visual studio 2012\projects\project5\project5\tolua_glue\tolua_glue.cpp(934): warning C4244: '初期化中' : 'lua_Number' から 'int' への変換です。データが失われる可能性があります。
     1>c:\users\ttt\documents\visual studio 2012\projects\project5\project5\tolua_glue\tolua_glue.cpp(945): warning C4244: '=' : 'lua_Number' から 'int' への変換です。データが失われる可能性があります。
     1>c:\users\ttt\documents\visual studio 2012\projects\project5\project5\tolua_glue\tolua_glue.cpp(947): warning C4244: '=' : 'lua_Number' から 'int' への変換です。データが失われる可能性があります。
     1>c:\users\ttt\documents\visual studio 2012\projects\project5\project5\tolua_glue\tolua_glue.cpp(949): warning C4244: '=' : 'lua_Number' から 'int' への変換です。データが失われる可能性があります。
     1>c:\users\ttt\documents\visual studio 2012\projects\project5\project5\tolua_glue\tolua_glue.cpp(950): warning C4244: '初期化中' : 'lua_Number' から 'int' への変換です。データが失われる可能性があります。
     1>c:\users\ttt\documents\visual studio 2012\projects\project5\project5\tolua_glue\tolua_glue.cpp(951): warning C4244: '初期化中' : 'lua_Number' から 'int' への変換です。データが失われる可能性があります。
     1>c:\users\ttt\documents\visual studio 2012\projects\project5\project5\tolua_glue\tolua_glue.cpp(959): warning C4244: '=' : 'lua_Number' から 'int' への変換です。データが失われる可能性があります。
     1>c:\users\ttt\documents\visual studio 2012\projects\project5\project5\tolua_glue\tolua_glue.cpp(963): warning C4244: '初期化中' : 'lua_Number' から 'int' への変換です。データが失われる可能性があります。
     1>c:\users\ttt\documents\visual studio 2012\projects\project5\project5\tolua_glue\tolua_glue.cpp(964): warning C4244: '初期化中' : 'lua_Number' から 'int' への変換です。データが失われる可能性があります。
     1>c:\users\ttt\documents\visual studio 2012\projects\project5\project5\tolua_glue\tolua_glue.cpp(972): warning C4244: '=' : 'lua_Number' から 'int' への変換です。データが失われる可能性があります。
     1>c:\users\ttt\documents\visual studio 2012\projects\project5\project5\tolua_glue\tolua_glue.cpp(975): warning C4244: '初期化中' : 'lua_Number' から 'int' への変換です。データが失われる可能性があります。
     1>c:\users\ttt\documents\visual studio 2012\projects\project5\project5\tolua_glue\tolua_glue.cpp(976): warning C4244: '初期化中' : 'lua_Number' から 'int' への変換です。データが失われる可能性があります。
     1>c:\users\ttt\documents\visual studio 2012\projects\project5\project5\tolua_glue\tolua_glue.cpp(984): warning C4244: '=' : 'lua_Number' から 'int' への変換です。データが失われる可能性があります。
     1>c:\users\ttt\documents\visual studio 2012\projects\project5\project5\tolua_glue\tolua_glue.cpp(986): warning C4800: 'int' : ブール値を 'true' または 'false' に強制的に設定します (警告の処理)
     1>c:\users\ttt\documents\visual studio 2012\projects\project5\project5\tolua_glue\tolua_glue.cpp(987): warning C4244: '初期化中' : 'lua_Number' から 'int' への変換です。データが失われる可能性があります。
     1>c:\users\ttt\documents\visual studio 2012\projects\project5\project5\tolua_glue\tolua_glue.cpp(988): warning C4244: '初期化中' : 'lua_Number' から 'int' への変換です。データが失われる可能性があります。
     1>c:\users\ttt\documents\visual studio 2012\projects\project5\project5\tolua_glue\tolua_glue.cpp(995): warning C4244: '=' : 'lua_Number' から 'int' への変換です。データが失われる可能性があります。
     1>c:\users\ttt\documents\visual studio 2012\projects\project5\project5\tolua_glue\tolua_glue.cpp(996): warning C4244: '初期化中' : 'lua_Number' から 'int' への変換です。データが失われる可能性があります。
     1>c:\users\ttt\documents\visual studio 2012\projects\project5\project5\tolua_glue\tolua_glue.cpp(997): warning C4244: '初期化中' : 'lua_Number' から 'int' への変換です。データが失われる可能性があります。
     1>c:\users\ttt\documents\visual studio 2012\projects\project5\project5\tolua_glue\tolua_glue.cpp(1005): warning C4244: '=' : 'lua_Number' から 'int' への変換です。データが失われる可能性があります。
     1>c:\users\ttt\documents\visual studio 2012\projects\project5\project5\tolua_glue\tolua_glue.cpp(1007): warning C4244: '=' : 'lua_Number' から 'int' への変換です。データが失われる可能性があります。
     1>c:\users\ttt\documents\visual studio 2012\projects\project5\project5\tolua_glue\tolua_glue.cpp(1008): warning C4244: '初期化中' : 'lua_Number' から 'int' への変換です。データが失われる可能性があります。
     1>c:\users\ttt\documents\visual studio 2012\projects\project5\project5\tolua_glue\tolua_glue.cpp(1009): warning C4244: '初期化中' : 'lua_Number' から 'int' への変換です。データが失われる可能性があります。
     1>c:\users\ttt\documents\visual studio 2012\projects\project5\project5\tolua_glue\tolua_glue.cpp(1018): warning C4244: '初期化中' : 'lua_Number' から 'int' への変換です。データが失われる可能性があります。
     1>c:\users\ttt\documents\visual studio 2012\projects\project5\project5\tolua_glue\tolua_glue.cpp(1019): warning C4244: '初期化中' : 'lua_Number' から 'int' への変換です。データが失われる可能性があります。
     1>c:\users\ttt\documents\visual studio 2012\projects\project5\project5\tolua_glue\tolua_glue.cpp(1022): warning C4244: '初期化中' : 'lua_Number' から 'int' への変換です。データが失われる可能性があります。
     1>c:\users\ttt\documents\visual studio 2012\projects\project5\project5\tolua_glue\tolua_glue.cpp(1059): warning C4244: '=' : 'lua_Number' から 'int' への変換です。データが失われる可能性があります。
     1>c:\users\ttt\documents\visual studio 2012\projects\project5\project5\tolua_glue\tolua_glue.cpp(1061): warning C4244: '=' : 'lua_Number' から 'int' への変換です。データが失われる可能性があります。
     1>c:\users\ttt\documents\visual studio 2012\projects\project5\project5\tolua_glue\tolua_glue.cpp(1063): warning C4244: '=' : 'lua_Number' から 'int' への変換です。データが失われる可能性があります。
     1>c:\users\ttt\documents\visual studio 2012\projects\project5\project5\tolua_glue\tolua_glue.cpp(1065): warning C4244: '=' : 'lua_Number' から 'int' への変換です。データが失われる可能性があります。
     1>c:\users\ttt\documents\visual studio 2012\projects\project5\project5\tolua_glue\tolua_glue.cpp(1068): warning C4244: '=' : 'double' から 'float' への変換です。データが失われる可能性があります。
     1>c:\users\ttt\documents\visual studio 2012\projects\project5\project5\tolua_glue\tolua_glue.cpp(1070): warning C4800: 'int' : ブール値を 'true' または 'false' に強制的に設定します (警告の処理)
     1>c:\users\ttt\documents\visual studio 2012\projects\project5\project5\tolua_glue\tolua_glue.cpp(1071): warning C4244: '初期化中' : 'lua_Number' から 'int' への変換です。データが失われる可能性があります。
     1>c:\users\ttt\documents\visual studio 2012\projects\project5\project5\tolua_glue\tolua_glue.cpp(1072): warning C4244: '初期化中' : 'lua_Number' から 'int' への変換です。データが失われる可能性があります。
     1>c:\users\ttt\documents\visual studio 2012\projects\project5\project5\tolua_glue\tolua_glue.cpp(1080): warning C4244: '=' : 'lua_Number' から 'int' への変換です。データが失われる可能性があります。
     1>c:\users\ttt\documents\visual studio 2012\projects\project5\project5\tolua_glue\tolua_glue.cpp(1088): warning C4244: '=' : 'lua_Number' から 'int' への変換です。データが失われる可能性があります。
     1>c:\users\ttt\documents\visual studio 2012\projects\project5\project5\tolua_glue\tolua_glue.cpp(1092): warning C4244: '初期化中' : 'lua_Number' から 'int' への変換です。データが失われる可能性があります。
     1>c:\users\ttt\documents\visual studio 2012\projects\project5\project5\tolua_glue\tolua_glue.cpp(1093): warning C4244: '初期化中' : 'lua_Number' から 'int' への変換です。データが失われる可能性があります。
     1>c:\users\ttt\documents\visual studio 2012\projects\project5\project5\tolua_glue\tolua_glue.cpp(1113): warning C4244: '=' : 'lua_Number' から 'int' への変換です。データが失われる可能性があります。
     1>c:\users\ttt\documents\visual studio 2012\projects\project5\project5\tolua_glue\tolua_glue.cpp(1121): warning C4244: '=' : 'lua_Number' から 'int' への変換です。データが失われる可能性があります。
     1>c:\users\ttt\documents\visual studio 2012\projects\project5\project5\tolua_glue\tolua_glue.cpp(1125): warning C4244: '初期化中' : 'lua_Number' から 'int' への変換です。データが失われる可能性があります。
     1>c:\users\ttt\documents\visual studio 2012\projects\project5\project5\tolua_glue\tolua_glue.cpp(1126): warning C4244: '初期化中' : 'lua_Number' から 'int' への変換です。データが失われる可能性があります。
     1>c:\users\ttt\documents\visual studio 2012\projects\project5\project5\tolua_glue\tolua_glue.cpp(1151): warning C4244: '=' : 'lua_Number' から 'int' への変換です。データが失われる可能性があります。
     1>c:\users\ttt\documents\visual studio 2012\projects\project5\project5\tolua_glue\tolua_glue.cpp(1159): warning C4244: '=' : 'lua_Number' から 'int' への変換です。データが失われる可能性があります。
     1>c:\users\ttt\documents\visual studio 2012\projects\project5\project5\tolua_glue\tolua_glue.cpp(1170): warning C4244: '=' : 'lua_Number' から 'int' への変換です。データが失われる可能性があります。
     1>c:\users\ttt\documents\visual studio 2012\projects\project5\project5\tolua_glue\tolua_glue.cpp(1181): warning C4244: '=' : 'lua_Number' から 'int' への変換です。データが失われる可能性があります。
     1>c:\users\ttt\documents\visual studio 2012\projects\project5\project5\tolua_glue\tolua_glue.cpp(1192): warning C4244: '=' : 'lua_Number' から 'int' への変換です。データが失われる可能性があります。
     1>c:\users\ttt\documents\visual studio 2012\projects\project5\project5\tolua_glue\tolua_glue.cpp(1203): warning C4244: '=' : 'lua_Number' から 'int' への変換です。データが失われる可能性があります。
     1>c:\users\ttt\documents\visual studio 2012\projects\project5\project5\tolua_glue\tolua_glue.cpp(1214): warning C4244: '=' : 'double' から 'float' への変換です。データが失われる可能性があります。
     1>c:\users\ttt\documents\visual studio 2012\projects\project5\project5\tolua_glue\tolua_glue.cpp(1218): warning C4244: '初期化中' : 'lua_Number' から 'int' への変換です。データが失われる可能性があります。
     1>c:\users\ttt\documents\visual studio 2012\projects\project5\project5\tolua_glue\tolua_glue.cpp(1219): warning C4244: '初期化中' : 'lua_Number' から 'int' への変換です。データが失われる可能性があります。
         MyTextureLoader.cpp
         MyGyouretuKeisan.cpp
     1>c:\users\ttt\documents\visual studio 2012\projects\project5\project5\mygyouretukeisan.cpp(392): warning C4244: '-=' : 'double' から 'float' への変換です。データが失われる可能性があります。
         MyButukari3D.cpp
     1>c:\users\ttt\documents\visual studio 2012\projects\project5\project5\mybutukari3d.cpp(382): warning C4305: '初期化中' : 'double' から 'const float' へ切り詰めます。
     1>c:\users\ttt\documents\visual studio 2012\projects\project5\project5\mybutukari3d.cpp(545): warning C4305: '初期化中' : 'double' から 'const float' へ切り詰めます。
     1>c:\users\ttt\documents\visual studio 2012\projects\project5\project5\mybutukari3d.cpp(586): warning C4305: '初期化中' : 'double' から 'const float' へ切り詰めます。
         KTRoboTexture.cpp
     1>c:\users\ttt\documents\visual studio 2012\projects\project5\project5\ktrobotexture.cpp(47): warning C4018: '<' : signed と unsigned の数値を比較しようとしました。
     1>c:\users\ttt\documents\visual studio 2012\projects\project5\project5\ktrobotexture.cpp(103): warning C4018: '<' : signed と unsigned の数値を比較しようとしました。
     1>c:\users\ttt\documents\visual studio 2012\projects\project5\project5\ktrobotexture.cpp(451): warning C4244: '=' : 'int' から 'FLOAT' への変換です。データが失われる可能性があります。
     1>c:\users\ttt\documents\visual studio 2012\projects\project5\project5\ktrobotexture.cpp(452): warning C4244: '=' : 'int' から 'FLOAT' への変換です。データが失われる可能性があります。
     1>c:\users\ttt\documents\visual studio 2012\projects\project5\project5\ktrobotexture.cpp(525): warning C4244: '=' : 'int' から 'FLOAT' への変換です。データが失われる可能性があります。
     1>c:\users\ttt\documents\visual studio 2012\projects\project5\project5\ktrobotexture.cpp(526): warning C4244: '=' : 'int' から 'FLOAT' への変換です。データが失われる可能性があります。
     1>c:\users\ttt\documents\visual studio 2012\projects\project5\project5\ktrobotexture.cpp(587): warning C4244: '=' : 'unsigned int' から 'FLOAT' への変換です。データが失われる可能性があります。
     1>c:\users\ttt\documents\visual studio 2012\projects\project5\project5\ktrobotexture.cpp(588): warning C4244: '=' : 'unsigned int' から 'FLOAT' への変換です。データが失われる可能性があります。
     1>c:\users\ttt\documents\visual studio 2012\projects\project5\project5\ktrobotexture.cpp(653): warning C4244: '=' : 'unsigned int' から 'FLOAT' への変換です。データが失われる可能性があります。
     1>c:\users\ttt\documents\visual studio 2012\projects\project5\project5\ktrobotexture.cpp(654): warning C4244: '=' : 'unsigned int' から 'FLOAT' への変換です。データが失われる可能性があります。
     1>c:\users\ttt\documents\visual studio 2012\projects\project5\project5\ktrobotexture.cpp(664): warning C4101: 'ggt' : ローカル変数は 1 度も使われていません。
     1>c:\users\ttt\documents\visual studio 2012\projects\project5\project5\ktrobotexture.cpp(665): warning C4101: 'gggt' : ローカル変数は 1 度も使われていません。
     1>c:\users\ttt\documents\visual studio 2012\projects\project5\project5\ktrobotexture.cpp(779): warning C4244: '引数' : 'int' から 'float' への変換です。データが失われる可能性があります。
     1>c:\users\ttt\documents\visual studio 2012\projects\project5\project5\ktrobotexture.cpp(1516): warning C4101: 'subresource' : ローカル変数は 1 度も使われていません。
     1>c:\users\ttt\documents\visual studio 2012\projects\project5\project5\ktrobotexture.cpp(1912): warning C4018: '>' : signed と unsigned の数値を比較しようとしました。
     1>c:\users\ttt\documents\visual studio 2012\projects\project5\project5\ktrobotexture.cpp(1919): warning C4018: '>' : signed と unsigned の数値を比較しようとしました。
     1>c:\users\ttt\documents\visual studio 2012\projects\project5\project5\ktrobotexture.cpp(1928): warning C4018: '>' : signed と unsigned の数値を比較しようとしました。
     1>c:\users\ttt\documents\visual studio 2012\projects\project5\project5\ktrobotexture.cpp(1937): warning C4018: '>' : signed と unsigned の数値を比較しようとしました。
     1>c:\users\ttt\documents\visual studio 2012\projects\project5\project5\ktrobotexture.cpp(1945): warning C4018: '>' : signed と unsigned の数値を比較しようとしました。
     1>c:\users\ttt\documents\visual studio 2012\projects\project5\project5\ktrobotexture.cpp(1958): warning C4018: '>' : signed と unsigned の数値を比較しようとしました。
         KTRoboTextFromLua.cpp
     1>c:\users\ttt\documents\visual studio 2012\projects\project5\project5\ktrobomeshinstanced.h(527): warning C4018: '>' : signed と unsigned の数値を比較しようとしました。
     1>c:\users\ttt\documents\visual studio 2012\projects\project5\project5\ktrobomeshinstanced.h(616): warning C4018: '<' : signed と unsigned の数値を比較しようとしました。
         KTRoboText.cpp
         KTRoboTelopText.cpp
     1>c:\users\ttt\documents\visual studio 2012\projects\project5\project5\ktroboteloptext.cpp(548): warning C4244: '初期化中' : 'float' から 'int' への変換です。データが失われる可能性があります。
         KTRoboScene.cpp
     1>c:\users\ttt\documents\visual studio 2012\projects\project5\project5\ktrobomeshinstanced.h(527): warning C4018: '>' : signed と unsigned の数値を比較しようとしました。
     1>c:\users\ttt\documents\visual studio 2012\projects\project5\project5\ktrobomeshinstanced.h(616): warning C4018: '<' : signed と unsigned の数値を比較しようとしました。
     1>c:\users\ttt\documents\visual studio 2012\projects\project5\project5\ktroboscene.cpp(174): warning C4244: '=' : 'unsigned int' から 'float' への変換です。データが失われる可能性があります。
     1>c:\users\ttt\documents\visual studio 2012\projects\project5\project5\ktroboscene.cpp(176): warning C4244: '=' : 'unsigned int' から 'float' への変換です。データが失われる可能性があります。
     1>c:\users\ttt\documents\visual studio 2012\projects\project5\project5\ktroboscene.cpp(177): warning C4244: '引数' : 'int' から 'float' への変換です。データが失われる可能性があります。
         KTRoboMeshInstanced.cpp
     1>c:\users\ttt\documents\visual studio 2012\projects\project5\project5\ktrobomeshinstanced.h(527): warning C4018: '>' : signed と unsigned の数値を比較しようとしました。
     1>c:\users\ttt\documents\visual studio 2012\projects\project5\project5\ktrobomeshinstanced.h(616): warning C4018: '<' : signed と unsigned の数値を比較しようとしました。
     1>c:\users\ttt\documents\visual studio 2012\projects\project5\project5\ktrobomeshinstanced.cpp(285): warning C4244: '=' : 'int' から 'FLOAT' への変換です。データが失われる可能性があります。
     1>c:\users\ttt\documents\visual studio 2012\projects\project5\project5\ktrobomeshinstanced.cpp(286): warning C4244: '=' : 'int' から 'FLOAT' への変換です。データが失われる可能性があります。
     1>c:\users\ttt\documents\visual studio 2012\projects\project5\project5\ktrobomeshinstanced.cpp(376): warning C4018: '<' : signed と unsigned の数値を比較しようとしました。
     1>c:\users\ttt\documents\visual studio 2012\projects\project5\project5\ktrobomeshinstanced.cpp(837): warning C4244: '=' : 'int' から 'FLOAT' への変換です。データが失われる可能性があります。
     1>c:\users\ttt\documents\visual studio 2012\projects\project5\project5\ktrobomeshinstanced.cpp(838): warning C4244: '=' : 'int' から 'FLOAT' への変換です。データが失われる可能性があります。
     1>c:\users\ttt\documents\visual studio 2012\projects\project5\project5\ktrobomeshinstanced.cpp(894): warning C4244: '=' : 'int' から 'FLOAT' への変換です。データが失われる可能性があります。
     1>c:\users\ttt\documents\visual studio 2012\projects\project5\project5\ktrobomeshinstanced.cpp(895): warning C4244: '=' : 'int' から 'FLOAT' への変換です。データが失われる可能性があります。
     1>c:\users\ttt\documents\visual studio 2012\projects\project5\project5\ktrobomeshinstanced.cpp(1360): warning C4244: '=' : 'int' から 'FLOAT' への変換です。データが失われる可能性があります。
     1>c:\users\ttt\documents\visual studio 2012\projects\project5\project5\ktrobomeshinstanced.cpp(1361): warning C4244: '=' : 'int' から 'FLOAT' への変換です。データが失われる可能性があります。
         KTRoboMesh.cpp
     1>c:\users\ttt\documents\visual studio 2012\projects\project5\project5\ktrobomesh.cpp(655): warning C4018: '<' : signed と unsigned の数値を比較しようとしました。
     1>c:\users\ttt\documents\visual studio 2012\projects\project5\project5\ktrobomesh.cpp(660): warning C4244: '引数' : 'unsigned int' から 'float' への変換です。データが失われる可能性があります。
     1>c:\users\ttt\documents\visual studio 2012\projects\project5\project5\ktrobomesh.cpp(671): warning C4018: '<' : signed と unsigned の数値を比較しようとしました。
     1>c:\users\ttt\documents\visual studio 2012\projects\project5\project5\ktrobomesh.cpp(728): warning C4018: '<=' : signed と unsigned の数値を比較しようとしました。
     1>c:\users\ttt\documents\visual studio 2012\projects\project5\project5\ktrobomesh.cpp(834): warning C4018: '<' : signed と unsigned の数値を比較しようとしました。
     1>c:\users\ttt\documents\visual studio 2012\projects\project5\project5\ktrobomesh.cpp(864): warning C4018: '<' : signed と unsigned の数値を比較しようとしました。
     1>c:\users\ttt\documents\visual studio 2012\projects\project5\project5\ktrobomesh.cpp(892): warning C4244: '引数' : 'int' から 'float' への変換です。データが失われる可能性があります。
     1>c:\users\ttt\documents\visual studio 2012\projects\project5\project5\ktrobomesh.cpp(895): warning C4244: '引数' : 'int' から 'float' への変換です。データが失われる可能性があります。
     1>c:\users\ttt\documents\visual studio 2012\projects\project5\project5\ktrobomesh.cpp(898): warning C4244: '引数' : 'int' から 'float' への変換です。データが失われる可能性があります。
     1>c:\users\ttt\documents\visual studio 2012\projects\project5\project5\ktrobomesh.cpp(928): warning C4018: '<' : signed と unsigned の数値を比較しようとしました。
     1>c:\users\ttt\documents\visual studio 2012\projects\project5\project5\ktrobomesh.cpp(1078): warning C4101: 'buf' : ローカル変数は 1 度も使われていません。
         KTRoboLuaCMesh.cpp
     1>c:\users\ttt\documents\visual studio 2012\projects\project5\project5\ktroboluacmesh.cpp(27): warning C4101: 'animename' : ローカル変数は 1 度も使われていません。
     1>c:\users\ttt\documents\visual studio 2012\projects\project5\project5\ktroboluacmesh.cpp(254): warning C4018: '>' : signed と unsigned の数値を比較しようとしました。
     1>c:\users\ttt\documents\visual studio 2012\projects\project5\project5\ktroboluacmesh.cpp(261): warning C4018: '>' : signed と unsigned の数値を比較しようとしました。
         KTRoboGraphics.cpp
     1>c:\users\ttt\documents\visual studio 2012\projects\project5\project5\ktrobographics.cpp(29): warning C4101: 'hSubResourceData' : ローカル変数は 1 度も使われていません。
         KTRoboGame.cpp
     1>c:\users\ttt\documents\visual studio 2012\projects\project5\project5\ktrobomeshinstanced.h(527): warning C4018: '>' : signed と unsigned の数値を比較しようとしました。
     1>c:\users\ttt\documents\visual studio 2012\projects\project5\project5\ktrobomeshinstanced.h(616): warning C4018: '<' : signed と unsigned の数値を比較しようとしました。
     1>c:\users\ttt\documents\visual studio 2012\projects\project5\project5\ktrobogame.cpp(129): warning C4244: '初期化中' : 'int' から 'float' への変換です。データが失われる可能性があります。
     1>c:\users\ttt\documents\visual studio 2012\projects\project5\project5\ktrobogame.cpp(130): warning C4244: '初期化中' : 'int' から 'float' への変換です。データが失われる可能性があります。
     1>c:\users\ttt\documents\visual studio 2012\projects\project5\project5\ktrobogame.cpp(166): warning C4244: '初期化中' : 'int' から 'float' への変換です。データが失われる可能性があります。
     1>c:\users\ttt\documents\visual studio 2012\projects\project5\project5\ktrobogame.cpp(167): warning C4244: '初期化中' : 'int' から 'float' への変換です。データが失われる可能性があります。
     1>c:\users\ttt\documents\visual studio 2012\projects\project5\project5\ktrobogame.cpp(169): warning C4244: '=' : 'float' から 'int' への変換です。データが失われる可能性があります。
     1>c:\users\ttt\documents\visual studio 2012\projects\project5\project5\ktrobogame.cpp(170): warning C4244: '=' : 'float' から 'int' への変換です。データが失われる可能性があります。
     1>c:\users\ttt\documents\visual studio 2012\projects\project5\project5\ktrobogame.cpp(171): warning C4244: '引数' : 'int' から 'float' への変換です。データが失われる可能性があります。
     1>c:\users\ttt\documents\visual studio 2012\projects\project5\project5\ktrobogame.cpp(335): warning C4305: '引数' : 'double' から 'float' へ切り詰めます。
     1>c:\users\ttt\documents\visual studio 2012\projects\project5\project5\ktrobogame.cpp(419): warning C4305: '引数' : 'double' から 'FLOAT' へ切り詰めます。
     1>c:\users\ttt\documents\visual studio 2012\projects\project5\project5\ktrobogame.cpp(422): warning C4305: '引数' : 'double' から 'FLOAT' へ切り詰めます。
     1>c:\users\ttt\documents\visual studio 2012\projects\project5\project5\ktrobogame.cpp(425): warning C4305: '引数' : 'double' から 'FLOAT' へ切り詰めます。
     1>c:\users\ttt\documents\visual studio 2012\projects\project5\project5\ktrobogame.cpp(430): warning C4305: '引数' : 'double' から 'FLOAT' へ切り詰めます。
     1>c:\users\ttt\documents\visual studio 2012\projects\project5\project5\ktrobogame.cpp(433): warning C4305: '引数' : 'double' から 'FLOAT' へ切り詰めます。
     1>c:\users\ttt\documents\visual studio 2012\projects\project5\project5\ktrobogame.cpp(436): warning C4305: '引数' : 'double' から 'FLOAT' へ切り詰めます。
     1>c:\users\ttt\documents\visual studio 2012\projects\project5\project5\ktrobogame.cpp(595): warning C4101: 'error' : ローカル変数は 1 度も使われていません。
     1>c:\users\ttt\documents\visual studio 2012\projects\project5\project5\ktrobogame.cpp(1070): warning C4244: '引数' : 'double' から 'float' への変換です。データが失われる可能性があります。
     1>c:\users\ttt\documents\visual studio 2012\projects\project5\project5\ktrobogame.cpp(1072): warning C4305: '引数' : 'double' から 'float' へ切り詰めます。
     1>c:\users\ttt\documents\visual studio 2012\projects\project5\project5\ktrobogame.cpp(1079): warning C4244: '+=' : 'double' から 'float' への変換です。データが失われる可能性があります。
     1>c:\users\ttt\documents\visual studio 2012\projects\project5\project5\ktrobogame.cpp(1249): warning C4305: '引数' : 'double' から 'FLOAT' へ切り詰めます。
     1>c:\users\ttt\documents\visual studio 2012\projects\project5\project5\ktrobogame.cpp(1280): warning C4305: '引数' : 'double' から 'FLOAT' へ切り詰めます。
     1>c:\users\ttt\documents\visual studio 2012\projects\project5\project5\ktrobogame.cpp(1374): warning C4244: '=' : 'int' から 'FLOAT' への変換です。データが失われる可能性があります。
     1>c:\users\ttt\documents\visual studio 2012\projects\project5\project5\ktrobogame.cpp(1375): warning C4244: '=' : 'int' から 'FLOAT' への変換です。データが失われる可能性があります。
     1>c:\users\ttt\documents\visual studio 2012\projects\project5\project5\ktrobogame.cpp(1477): warning C4305: '引数' : 'double' から 'float' へ切り詰めます。
         KTRoboFont.cpp
     1>c:\users\ttt\documents\visual studio 2012\projects\project5\project5\ktrobofont.cpp(401): warning C4244: '引数' : 'fpos_t' から 'int' への変換です。データが失われる可能性があります。
     1>c:\users\ttt\documents\visual studio 2012\projects\project5\project5\ktrobofont.cpp(241): warning C4101: 'text' : ローカル変数は 1 度も使われていません。
         KTRoboDemoRender.cpp
         KTRoboDebugText.cpp
         KTRoboAtari.cpp
     1>c:\users\ttt\documents\visual studio 2012\projects\project5\project5\ktrobomeshinstanced.h(527): warning C4018: '>' : signed と unsigned の数値を比較しようとしました。
     1>c:\users\ttt\documents\visual studio 2012\projects\project5\project5\ktrobomeshinstanced.h(616): warning C4018: '<' : signed と unsigned の数値を比較しようとしました。
     1>c:\users\ttt\documents\visual studio 2012\projects\project5\project5\ktroboatari.cpp(126): warning C4244: '引数' : 'int' から 'float' への変換です。データが失われる可能性があります。
         コードを生成中...
       Link:
         C:\Program Files (x86)\Microsoft Visual Studio 11.0\VC\bin\link.exe /ERRORREPORT:PROMPT /OUT:"C:\Users\ttt\Documents\Visual Studio 2012\Projects\Project5\Debug\Project5.exe" /INCREMENTAL /NOLOGO /LIBPATH:"C:\Users\ttt\Documents\Visual Studio 2012\Projects\Project5\Project5\resrc\libs\debug" /LIBPATH:"C:\Program Files (x86)\Microsoft DirectX SDK (June 2010)\Lib\x86" /LIBPATH:"C:\Program Files\Microsoft SDKs\Windows\v7.1\Lib" /LIBPATH:"C:\Program Files (x86)\Microsoft DirectX SDK (June 2010)\Lib\x64" /LIBPATH:"C:\Program Files\Microsoft SDKs\Windows\v7.1\Lib\x64" d3d11.lib d3dx11d.lib dxerr.lib Project2_d.lib winmm.lib imm32.lib kernel32.lib user32.lib gdi32.lib winspool.lib comdlg32.lib advapi32.lib shell32.lib ole32.lib oleaut32.lib uuid.lib odbc32.lib odbccp32.lib /MANIFEST /MANIFESTUAC:"level='asInvoker' uiAccess='false'" /manifest:embed /DEBUG /PDB:"C:\Users\ttt\Documents\Visual Studio 2012\Projects\Project5\Debug\Project5.pdb" /TLBID:1 /DYNAMICBASE /NXCOMPAT /IMPLIB:"C:\Users\ttt\Documents\Visual Studio 2012\Projects\Project5\Debug\Project5.lib" /MACHINE:X86 Debug\KTRoboAtari.obj
         Debug\KTRoboClock.obj
         Debug\KTRoboCS.obj
         Debug\KTRoboDebugText.obj
         Debug\KTRoboDemoRender.obj
         Debug\KTROBOEntryPoint.obj
         Debug\KTROBOEventItem.obj
         Debug\KTRoboFont.obj
         Debug\KTRoboGame.obj
         Debug\KTRoboGameError.obj
         Debug\KTRoboGraphics.obj
         Debug\KTRoboInput.obj
         Debug\KTROBOItem.obj
         Debug\KTRoboLog.obj
         Debug\KTRoboLuaCMesh.obj
         Debug\KTRoboLuaCollection.obj
         Debug\KTRoboMesh.obj
         Debug\KTRoboMeshInstanced.obj
         Debug\KTRoboMessage.obj
         Debug\KTROBOMission.obj
         Debug\KTROBOMissionEnemyHaiti.obj
         Debug\KTROBOMissionEvent.obj
         Debug\KTROBOMissionTikeiHaiti.obj
         Debug\KTROBOPlayerTitle.obj
         Debug\KTROBOQuest.obj
         Debug\KTRoboScene.obj
         Debug\KTROBOSouko.obj
         Debug\KTRoboTask.obj
         Debug\KTRoboTelopText.obj
         Debug\KTRoboText.obj
         Debug\KTRoboTextFromLua.obj
         Debug\KTRoboTexture.obj
         Debug\MyButukari.obj
         Debug\MyButukari3D.obj
         Debug\MyGyouretuKeisan.obj
         Debug\MySound.obj
         Debug\MySoundDefine.obj
         Debug\MyTextureLoader.obj
         Debug\MyTokenAnalyzer.obj
         Debug\stringconverter.obj
         Debug\MyLuaGlueMakeCommon.obj
         Debug\tolua_glue.obj
         Debug\tolua_glued.obj
         Project5.vcxproj -> C:\Users\ttt\Documents\Visual Studio 2012\Projects\Project5\Debug\Project5.exe
     1>プロジェクト "C:\Users\ttt\Documents\Visual Studio 2012\Projects\Project5\Project5\Project5.vcxproj" (Build ターゲット) のビルドが完了しました。

ビルドに成功しました。

経過時間 00:00:42.64
